<?xml version="1.0" encoding="UTF-8"?>
<!-- Generated by org.testng.reporters.JUnitReportReporter -->
<testsuite hostname="DESKTOP-KNGCGF8" failures="0" tests="1" name="testcases.DarazHelpCentrePageTest" time="4.302" errors="0" timestamp="2024-02-24T13:56:51 BDT" skipped="0">
  <testcase classname="testcases.DarazHelpCentrePageTest" name="testHelpCenter" time="4.302"/>
</testsuite> <!-- testcases.DarazHelpCentrePageTest -->
