<?xml version="1.0" encoding="UTF-8"?>
<!-- Generated by org.testng.reporters.JUnitReportReporter -->
<testsuite hostname="DESKTOP-KNGCGF8" failures="0" tests="1" name="testcases.DarazHomePageTest" time="77.930" errors="0" timestamp="2024-02-24T13:56:51 BDT" skipped="0">
  <testcase classname="testcases.DarazHomePageTest" name="darazHome" time="77.930"/>
</testsuite> <!-- testcases.DarazHomePageTest -->
