<?xml version="1.0" encoding="UTF-8"?>
<!-- Generated by org.testng.reporters.JUnitReportReporter -->
<testsuite hostname="DESKTOP-KNGCGF8" failures="0" tests="2" name="testcases.DarazSignUpPageTest" time="43.988" errors="0" timestamp="2024-02-24T13:56:51 BDT" skipped="0">
  <testcase classname="testcases.DarazSignUpPageTest" name="clickSignUpBlandData" time="15.951"/>
  <testcase classname="testcases.DarazSignUpPageTest" name="validDataSignUp" time="28.037"/>
</testsuite> <!-- testcases.DarazSignUpPageTest -->
