<?xml version="1.0" encoding="UTF-8"?>
<!-- Generated by org.testng.reporters.JUnitReportReporter -->
<testsuite hostname="DESKTOP-KNGCGF8" failures="0" tests="1" name="testcases.DarazLoginPageTest" time="38.559" errors="0" timestamp="2024-02-24T13:56:51 BDT" skipped="0">
  <testcase classname="testcases.DarazLoginPageTest" name="testLoginInvalidData" time="38.559"/>
</testsuite> <!-- testcases.DarazLoginPageTest -->
