<?xml version="1.0" encoding="UTF-8"?>
<!-- Generated by org.testng.reporters.JUnitReportReporter -->
<testsuite hostname="DESKTOP-KNGCGF8" failures="0" tests="1" name="testcases.DarazHomePageTest" time="69.580" errors="0" timestamp="2024-02-28T22:25:06 BDT" skipped="0">
  <testcase classname="testcases.DarazHomePageTest" name="ScrollVisaCard" time="69.580"/>
</testsuite> <!-- testcases.DarazHomePageTest -->
