<?xml version="1.0" encoding="UTF-8"?>
<!-- Generated by org.testng.reporters.JUnitReportReporter -->
<testsuite hostname="DESKTOP-KNGCGF8" failures="0" tests="2" name="testcases.DarazSignUpPageTest" time="40.357" errors="0" timestamp="2024-02-24T20:28:43 BDT" skipped="0">
  <testcase classname="testcases.DarazSignUpPageTest" name="clickSignUpBlandData" time="12.750"/>
  <testcase classname="testcases.DarazSignUpPageTest" name="validDataSignUp" time="27.607"/>
</testsuite> <!-- testcases.DarazSignUpPageTest -->
