<?xml version="1.0" encoding="UTF-8"?>
<!-- Generated by org.testng.reporters.JUnitReportReporter -->
<testsuite hostname="DESKTOP-KNGCGF8" failures="0" tests="2" name="testcases.DarazLoginPageTest" time="38.967" errors="0" timestamp="2024-02-29T20:34:01 BDT" skipped="0">
  <testcase classname="testcases.DarazLoginPageTest" name="testLoginInvalidCredential" time="19.423"/>
  <testcase classname="testcases.DarazLoginPageTest" name="testLoginInvalidCredential" time="19.544"/>
</testsuite> <!-- testcases.DarazLoginPageTest -->
