<?xml version="1.0" encoding="UTF-8"?>
<!-- Generated by org.testng.reporters.JUnitReportReporter -->
<testsuite hostname="DESKTOP-KNGCGF8" failures="0" tests="1" name="utilities.UserDataProvider" time="0.957" errors="0" timestamp="2024-02-29T15:32:25 BDT" skipped="0">
  <testcase classname="utilities.UserDataProvider" name="test" time="0.957"/>
</testsuite> <!-- utilities.UserDataProvider -->
