<?xml version="1.0" encoding="UTF-8"?>
<!-- Generated by org.testng.reporters.JUnitReportReporter -->
<testsuite hostname="DESKTOP-KNGCGF8" failures="0" tests="1" name="Test.AboutUs" time="22.141" errors="0" timestamp="2024-02-06T16:29:15 BDT" skipped="0">
  <testcase classname="Test.AboutUs" name="aboutUsTest" time="22.141"/>
</testsuite> <!-- Test.AboutUs -->
