<?xml version="1.0" encoding="UTF-8"?>
<!-- Generated by org.testng.reporters.JUnitReportReporter -->
<testsuite hostname="DESKTOP-KNGCGF8" failures="0" tests="1" name="Test.Service" time="29.549" errors="0" timestamp="2024-02-06T17:15:40 BDT" skipped="0">
  <testcase classname="Test.Service" name="packTourTest" time="29.549"/>
</testsuite> <!-- Test.Service -->
