<?xml version="1.0" encoding="UTF-8"?>
<!-- Generated by org.testng.reporters.JUnitReportReporter -->
<testsuite hostname="DESKTOP-KNGCGF8" failures="0" tests="1" name="Test.Blog" time="6.312" errors="0" timestamp="2024-02-06T19:28:27 BDT" skipped="0">
  <testcase classname="Test.Blog" name="blogTest" time="6.312"/>
</testsuite> <!-- Test.Blog -->
