<?xml version="1.0" encoding="UTF-8"?>
<!-- Generated by org.testng.reporters.JUnitReportReporter -->
<testsuite hostname="DESKTOP-KNGCGF8" failures="0" tests="2" name="Test.Home" time="29.054" errors="0" timestamp="2024-02-06T16:12:03 BDT" skipped="0">
  <testcase classname="Test.Home" name="homePageTest" time="15.051"/>
  <testcase classname="Test.Home" name="homeMiddle" time="14.003"/>
</testsuite> <!-- Test.Home -->
