<?xml version="1.0" encoding="UTF-8"?>
<!-- Generated by org.testng.reporters.JUnitReportReporter -->
<testsuite hostname="DESKTOP-KNGCGF8" failures="0" tests="1" name="Test.ContactUs" time="14.003" errors="0" timestamp="2024-02-06T20:07:30 BDT" skipped="0">
  <testcase classname="Test.ContactUs" name="ContactUsTest" time="14.003"/>
</testsuite> <!-- Test.ContactUs -->
