<?xml version="1.0" encoding="UTF-8"?>
<!-- Generated by org.testng.reporters.JUnitReportReporter -->
<testsuite hostname="DESKTOP-KNGCGF8" failures="0" tests="2" name="Test.OurConcern" time="8.927" errors="0" timestamp="2024-02-06T19:15:03 BDT" skipped="0">
  <testcase classname="Test.OurConcern" name="ConcernNameReadTest" time="7.679"/>
  <testcase classname="Test.OurConcern" name="ourConcern" time="1.248"/>
</testsuite> <!-- Test.OurConcern -->
