<?xml version="1.0" encoding="UTF-8"?>
<!-- Generated by org.testng.reporters.JUnitReportReporter -->
<testsuite hostname="DESKTOP-KNGCGF8" failures="0" tests="1" name="Test.Gallery" time="7.973" errors="0" timestamp="2024-02-06T19:43:34 BDT" skipped="0">
  <testcase classname="Test.Gallery" name="GalleryTest" time="7.973"/>
</testsuite> <!-- Test.Gallery -->
