<?xml version="1.0" encoding="UTF-8"?>
<!-- Generated by org.testng.reporters.JUnitReportReporter -->
<testsuite hostname="DESKTOP-KNGCGF8" failures="0" tests="1" name="Test.Consultancy" time="8.057" errors="0" timestamp="2024-02-06T20:13:49 BDT" skipped="0">
  <testcase classname="Test.Consultancy" name="consultancyTest" time="8.057"/>
</testsuite> <!-- Test.Consultancy -->
