<?xml version="1.0" encoding="UTF-8"?>
<!-- Generated by org.testng.reporters.JUnitReportReporter -->
<testsuite hostname="DESKTOP-KNGCGF8" failures="0" tests="1" name="Test.OTAPortal" time="12.564" errors="0" timestamp="2024-02-06T19:53:01 BDT" skipped="0">
  <testcase classname="Test.OTAPortal" name="otaPortalTest" time="12.564"/>
</testsuite> <!-- Test.OTAPortal -->
